<?xml version="1.0" encoding="UTF-8"?>
<testsuite xmlns:xsi="http://www.w3.org/2001/XMLSchema-instance" xsi:noNamespaceSchemaLocation="https://maven.apache.org/surefire/maven-surefire-plugin/xsd/surefire-test-report-3.0.xsd" version="3.0" name="com.examly.springapp.SpringappApplicationTests" time="5.892" tests="79" errors="0" skipped="0" failures="0">
  <properties>
[...]
</properties>
  <testcase name="Day3_test_Controller_Directory_Exists" classname="com.examly.springapp.SpringappApplicationTests" time="0.445">
    <system-out><![CDATA[06:07:50.173 [main] INFO org.springframework.test.context.support.AnnotationConfigContextLoaderUtils -- Could not detect default configuration classes for test class [com.examly.springapp.SpringappApplicationTests]: SpringappApplicationTests does not declare any static, non-private, non-final, nested classes annotated with @Configuration.
06:07:50.289 [main] INFO org.springframework.boot.test.context.SpringBootTestContextBootstrapper -- Found @SpringBootConfiguration com.examly.springapp.SpringappApplication for test class com.examly.springapp.SpringappApplicationTests
06:07:50.441 [main] INFO org.springframework.boot.devtools.restart.RestartApplicationListener -- Restart disabled due to context in which it is running

  .   ____          _            __ _ _
 /\\ / ___'_ __ _ _(_)_ __  __ _ \ \ \ \
( ( )\___ | '_ | '_| | '_ \/ _` | \ \ \ \
 \\/  ___)| |_)| | | | | || (_| |  ) ) ) )
  '  |____| .__|_| |_|_| |_\__, | / / / /
 =========|_|==============|___/=/_/_/_/

 :: Spring Boot ::               (v3.4.12)

2025-12-26T06:07:50.719Z  INFO 1136 --- [           main] c.e.springapp.SpringappApplicationTests  : Starting SpringappApplicationTests using Java 17.0.17 with PID 1136 (started by coder in /home/coder/project/workspace/springapp)
2025-12-26T06:07:50.721Z  INFO 1136 --- [           main] c.e.springapp.SpringappApplicationTests  : No active profile set, falling back to 1 default profile: "default"
2025-12-26T06:07:51.475Z  INFO 1136 --- [           main] .s.d.r.c.RepositoryConfigurationDelegate : Bootstrapping Spring Data JPA repositories in DEFAULT mode.
2025-12-26T06:07:51.534Z  INFO 1136 --- [           main] .s.d.r.c.RepositoryConfigurationDelegate : Finished Spring Data repository scanning in 50 ms. Found 4 JPA repository interfaces.
2025-12-26T06:07:51.877Z  INFO 1136 --- [           main] o.hibernate.jpa.internal.util.LogHelper  : HHH000204: Processing PersistenceUnitInfo [name: default]
2025-12-26T06:07:51.934Z  INFO 1136 --- [           main] org.hibernate.Version                    : HHH000412: Hibernate ORM core version 6.6.36.Final
2025-12-26T06:07:51.975Z  INFO 1136 --- [           main] o.h.c.internal.RegionFactoryInitiator    : HHH000026: Second-level cache disabled
2025-12-26T06:07:52.224Z  INFO 1136 --- [           main] o.s.o.j.p.SpringPersistenceUnitInfo      : No LoadTimeWeaver setup: ignoring JPA class transformer
2025-12-26T06:07:52.254Z  INFO 1136 --- [           main] com.zaxxer.hikari.HikariDataSource       : HikariPool-1 - Starting...
2025-12-26T06:07:52.451Z  INFO 1136 --- [           main] com.zaxxer.hikari.pool.HikariPool        : HikariPool-1 - Added connection conn0: url=jdbc:h2:mem:testdb user=SA
2025-12-26T06:07:52.453Z  INFO 1136 --- [           main] com.zaxxer.hikari.HikariDataSource       : HikariPool-1 - Start completed.
2025-12-26T06:07:52.474Z  WARN 1136 --- [           main] org.hibernate.orm.deprecation            : HHH90000025: H2Dialect does not need to be specified explicitly using 'hibernate.dialect' (remove the property setting and it will be selected by default)
2025-12-26T06:07:52.496Z  INFO 1136 --- [           main] org.hibernate.orm.connections.pooling    : HHH10001005: Database info:
	Database JDBC URL [Connecting through datasource 'HikariDataSource (HikariPool-1)']
	Database driver: undefined/unknown
	Database version: 2.3.232
	Autocommit mode: undefined/unknown
	Isolation level: undefined/unknown
	Minimum pool size: undefined/unknown
	Maximum pool size: undefined/unknown
2025-12-26T06:07:53.361Z  INFO 1136 --- [           main] o.h.e.t.j.p.i.JtaPlatformInitiator       : HHH000489: No JTA platform available (set 'hibernate.transaction.jta.platform' to enable JTA platform integration)
Hibernate: drop table if exists appointment cascade 
Hibernate: drop table if exists doctor cascade 
Hibernate: drop table if exists medical_record cascade 
Hibernate: drop table if exists patient cascade 
Hibernate: create table appointment (appointment_time timestamp(6), doctor_id bigint, id bigint generated by default as identity, patient_id bigint, notes varchar(255), status varchar(255), primary key (id))
Hibernate: create table doctor (room_number integer, id bigint generated by default as identity, email varchar(255), name varchar(255), phone varchar(255), specialization varchar(255), primary key (id))
Hibernate: create table medical_record (patient_id bigint, record_id bigint generated by default as identity, diagnosis varchar(255), prescription varchar(255), primary key (record_id))
Hibernate: create table patient (age integer, id bigint generated by default as identity, address varchar(255), email varchar(255), name varchar(255), phone varchar(255), primary key (id))
Hibernate: alter table if exists appointment add constraint FKoeb98n82eph1dx43v3y2bcmsl foreign key (doctor_id) references doctor
Hibernate: alter table if exists appointment add constraint FK4apif2ewfyf14077ichee8g06 foreign key (patient_id) references patient
Hibernate: alter table if exists medical_record add constraint FKt0lf3feuiurr73bpln2n6x0v foreign key (patient_id) references patient
2025-12-26T06:07:53.414Z  INFO 1136 --- [           main] j.LocalContainerEntityManagerFactoryBean : Initialized JPA EntityManagerFactory for persistence unit 'default'
2025-12-26T06:07:53.666Z  INFO 1136 --- [           main] o.s.d.j.r.query.QueryEnhancerFactory     : Hibernate is in classpath; If applicable, HQL parser will be used.
2025-12-26T06:07:54.178Z  WARN 1136 --- [           main] JpaBaseConfiguration$JpaWebConfiguration : spring.jpa.open-in-view is enabled by default. Therefore, database queries may be performed during view rendering. Explicitly configure spring.jpa.open-in-view to disable this warning
2025-12-26T06:07:54.483Z  INFO 1136 --- [           main] o.s.b.a.h2.H2ConsoleAutoConfiguration    : H2 console available at '/h2-console'. Database available at 'jdbc:h2:mem:testdb'
2025-12-26T06:07:54.543Z  INFO 1136 --- [           main] o.s.b.t.m.w.SpringBootMockServletContext : Initializing Spring TestDispatcherServlet ''
2025-12-26T06:07:54.543Z  INFO 1136 --- [           main] o.s.t.web.servlet.TestDispatcherServlet  : Initializing Servlet ''
2025-12-26T06:07:54.546Z  INFO 1136 --- [           main] o.s.t.web.servlet.TestDispatcherServlet  : Completed initialization in 1 ms
2025-12-26T06:07:54.574Z  INFO 1136 --- [           main] c.e.springapp.SpringappApplicationTests  : Started SpringappApplicationTests in 4.145 seconds (process running for 5.061)
]]></system-out>
  </testcase>
  <testcase name="Day3_test_Model_Directory_Exists" classname="com.examly.springapp.SpringappApplicationTests" time="0.005"/>
  <testcase name="Day3_test_Service_Directory_Exists" classname="com.examly.springapp.SpringappApplicationTests" time="0.004"/>
  <testcase name="Day3_test_Repository_Directory_Exists" classname="com.examly.springapp.SpringappApplicationTests" time="0.005"/>
  <testcase name="Day4_test_DoctorModel_File_Exists" classname="com.examly.springapp.SpringappApplicationTests" time="0.005"/>
  <testcase name="Day4_test_PatientModel_File_Exists" classname="com.examly.springapp.SpringappApplicationTests" time="0.005"/>
  <testcase name="Day4_test_Appointment_File_Exists" classname="com.examly.springapp.SpringappApplicationTests" time="0.005"/>
  <testcase name="Day4_test_MedicalRecord_File_Exists" classname="com.examly.springapp.SpringappApplicationTests" time="0.004"/>
  <testcase name="Day4_test_Patient_Has_Entity_Annotation" classname="com.examly.springapp.SpringappApplicationTests" time="0.005"/>
  <testcase name="test_Patient_Has_Id_Annotation_On_Field" classname="com.examly.springapp.SpringappApplicationTests" time="0.005"/>
  <testcase name="Day5_test_DoctorRepository_File_Exists" classname="com.examly.springapp.SpringappApplicationTests" time="0.004"/>
  <testcase name="Day5_test_PatientRepository_File_Exists" classname="com.examly.springapp.SpringappApplicationTests" time="0.004"/>
  <testcase name="Day5_test_AppointmentRepository_File_Exists" classname="com.examly.springapp.SpringappApplicationTests" time="0.005"/>
  <testcase name="Day5_test_MedicalRecordRepository_File_Exists" classname="com.examly.springapp.SpringappApplicationTests" time="0.004"/>
  <testcase name="Day5_test_DoctorRepository_Has_Repository_Annotation" classname="com.examly.springapp.SpringappApplicationTests" time="0.004"/>
  <testcase name="Day5_test_PatientRepository_Has_Repository_Annotation" classname="com.examly.springapp.SpringappApplicationTests" time="0.004"/>
  <testcase name="Day5_test_AppointmentRepository_Has_Repository_Annotation" classname="com.examly.springapp.SpringappApplicationTests" time="0.003"/>
  <testcase name="Day5_test_MedicalRecordRepository_Has_Repository_Annotation" classname="com.examly.springapp.SpringappApplicationTests" time="0.003"/>
  <testcase name="Day5_test_AdminRepository_Has_Repository_Annotation" classname="com.examly.springapp.SpringappApplicationTests" time="0.003"/>
  <testcase name="Day6_test_DoctorController_File_Exists" classname="com.examly.springapp.SpringappApplicationTests" time="0.003"/>
  <testcase name="Day6_test_PatientController_File_Exists" classname="com.examly.springapp.SpringappApplicationTests" time="0.003"/>
  <testcase name="Day6_test_AppointmentController_File_Exists" classname="com.examly.springapp.SpringappApplicationTests" time="0.003"/>
  <testcase name="Day6_test_MedicalRecordController_File_Exists" classname="com.examly.springapp.SpringappApplicationTests" time="0.003"/>
  <testcase name="Day6_test_DoctorController_Has_RestController_Annotation" classname="com.examly.springapp.SpringappApplicationTests" time="0.003"/>
  <testcase name="Day6_test_PatientController_Has_RestController_Annotation" classname="com.examly.springapp.SpringappApplicationTests" time="0.003"/>
  <testcase name="Day6_test_AppointmentController_Has_RestController_Annotation" classname="com.examly.springapp.SpringappApplicationTests" time="0.003"/>
  <testcase name="Day6_test_MedicalRecordController_Has_RestController_Annotation" classname="com.examly.springapp.SpringappApplicationTests" time="0.003"/>
  <testcase name="Day6_test_DoctorController_Has_PostMapping" classname="com.examly.springapp.SpringappApplicationTests" time="0.003"/>
  <testcase name="Day6_test_DoctorController_Has_GetMapping" classname="com.examly.springapp.SpringappApplicationTests" time="0.002"/>
  <testcase name="Day6_test_DoctorController_Has_PutMapping" classname="com.examly.springapp.SpringappApplicationTests" time="0.004"/>
  <testcase name="Day6_test_DoctorController_Has_DeleteMapping" classname="com.examly.springapp.SpringappApplicationTests" time="0.004"/>
  <testcase name="Day6_testCreateDoctor_NoBody_StatusBadRequest" classname="com.examly.springapp.SpringappApplicationTests" time="0.106">
    <system-out><![CDATA[2025-12-26T06:07:55.267Z  WARN 1136 --- [           main] .w.s.m.s.DefaultHandlerExceptionResolver : Resolved [org.springframework.http.converter.HttpMessageNotReadableException: Required request body is missing: public org.springframework.http.ResponseEntity<com.examly.springapp.model.Doctor> com.examly.springapp.controller.DoctorController.createDoctor(com.examly.springapp.model.Doctor)]
]]></system-out>
  </testcase>
  <testcase name="Day6_testGetAllDoctor_StatusNoCotent" classname="com.examly.springapp.SpringappApplicationTests" time="0.111">
    <system-out><![CDATA[Hibernate: select d1_0.id,d1_0.email,d1_0.name,d1_0.phone,d1_0.room_number,d1_0.specialization from doctor d1_0
]]></system-out>
  </testcase>
  <testcase name="Day7_test_DoctorController_Has_RequestMapping" classname="com.examly.springapp.SpringappApplicationTests" time="0.003"/>
  <testcase name="Day7_test_PatientController_Has_RequestMapping" classname="com.examly.springapp.SpringappApplicationTests" time="0.003"/>
  <testcase name="Day7_test_AppointmentController_Has_RequestMapping" classname="com.examly.springapp.SpringappApplicationTests" time="0.003"/>
  <testcase name="Day7_test_MedicalRecordController_Has_RequestMapping" classname="com.examly.springapp.SpringappApplicationTests" time="0.013"/>
  <testcase name="Day7_test_AdminController_Has_RequestMapping" classname="com.examly.springapp.SpringappApplicationTests" time="0.003"/>
  <testcase name="Day7_test_DoctorController_Has_PathVariable" classname="com.examly.springapp.SpringappApplicationTests" time="0.003"/>
  <testcase name="Day7_test_PatientController_Has_PathVariable" classname="com.examly.springapp.SpringappApplicationTests" time="0.003"/>
  <testcase name="Day8_test_DoctorService_File_Exists" classname="com.examly.springapp.SpringappApplicationTests" time="0.003"/>
  <testcase name="Day8_test_PatientService_File_Exists" classname="com.examly.springapp.SpringappApplicationTests" time="0.002"/>
  <testcase name="Day8_test_AppointmentService_File_Exists" classname="com.examly.springapp.SpringappApplicationTests" time="0.003"/>
  <testcase name="Day8_test_MedicalRecordService_File_Exists" classname="com.examly.springapp.SpringappApplicationTests" time="0.003"/>
  <testcase name="Day8_test_AdminService_File_Exists" classname="com.examly.springapp.SpringappApplicationTests" time="0.002"/>
  <testcase name="Day8_test_DoctorServiceImpl_File_Exists" classname="com.examly.springapp.SpringappApplicationTests" time="0.003"/>
  <testcase name="Day8_test_PatientServiceImpl_File_Exists" classname="com.examly.springapp.SpringappApplicationTests" time="0.002"/>
  <testcase name="Day8_test_AppointmentServiceImpl_File_Exists" classname="com.examly.springapp.SpringappApplicationTests" time="0.003"/>
  <testcase name="Day8_test_MedicalRecordServiceImpl_File_Exists" classname="com.examly.springapp.SpringappApplicationTests" time="0.003"/>
  <testcase name="Day8_test_AdminServiceImpl_File_Exists" classname="com.examly.springapp.SpringappApplicationTests" time="0.002"/>
  <testcase name="Day8_testAddDoctor" classname="com.examly.springapp.SpringappApplicationTests" time="0.096">
    <system-out><![CDATA[Hibernate: insert into doctor (email,name,phone,room_number,specialization,id) values (?,?,?,?,?,default)
]]></system-out>
  </testcase>
  <testcase name="Day8_testGetAllDoctors" classname="com.examly.springapp.SpringappApplicationTests" time="0.011">
    <system-out><![CDATA[Hibernate: select d1_0.id,d1_0.email,d1_0.name,d1_0.phone,d1_0.room_number,d1_0.specialization from doctor d1_0
]]></system-out>
  </testcase>
  <testcase name="Day8_testGetDoctorById" classname="com.examly.springapp.SpringappApplicationTests" time="0.019">
    <system-out><![CDATA[Hibernate: select d1_0.id,d1_0.email,d1_0.name,d1_0.phone,d1_0.room_number,d1_0.specialization from doctor d1_0 where d1_0.id=?
]]></system-out>
  </testcase>
  <testcase name="Day8_testUpdateDoctor" classname="com.examly.springapp.SpringappApplicationTests" time="0.022">
    <system-out><![CDATA[Hibernate: select d1_0.id,d1_0.email,d1_0.name,d1_0.phone,d1_0.room_number,d1_0.specialization from doctor d1_0 where d1_0.id=?
Hibernate: update doctor set email=?,name=?,phone=?,room_number=?,specialization=? where id=?
]]></system-out>
  </testcase>
  <testcase name="Day9_testPagination_PageNumberApplied" classname="com.examly.springapp.SpringappApplicationTests" time="0.036">
    <system-out><![CDATA[Hibernate: select d1_0.id,d1_0.email,d1_0.name,d1_0.phone,d1_0.room_number,d1_0.specialization from doctor d1_0 offset ? rows fetch first ? rows only
2025-12-26T06:07:55.632Z  WARN 1136 --- [           main] ration$PageModule$WarningLoggingModifier : Serializing PageImpl instances as-is is not supported, meaning that there is no guarantee about the stability of the resulting JSON structure!
	For a stable JSON structure, please use Spring Data's PagedModel (globally via @EnableSpringDataWebSupport(pageSerializationMode = VIA_DTO))
	or Spring HATEOAS and Spring Data's PagedResourcesAssembler as documented in https://docs.spring.io/spring-data/commons/reference/repositories/core-extensions.html#core.web.pageables.

]]></system-out>
  </testcase>
  <testcase name="Day9_testPagination_PageSizeApplied" classname="com.examly.springapp.SpringappApplicationTests" time="0.016">
    <system-out><![CDATA[Hibernate: select d1_0.id,d1_0.email,d1_0.name,d1_0.phone,d1_0.room_number,d1_0.specialization from doctor d1_0 offset ? rows fetch first ? rows only
Hibernate: select count(d1_0.id) from doctor d1_0
]]></system-out>
  </testcase>
  <testcase name="Day9_testPagination_SortingPresent" classname="com.examly.springapp.SpringappApplicationTests" time="0.011">
    <system-out><![CDATA[Hibernate: select d1_0.id,d1_0.email,d1_0.name,d1_0.phone,d1_0.room_number,d1_0.specialization from doctor d1_0 offset ? rows fetch first ? rows only
]]></system-out>
  </testcase>
  <testcase name="Day9_testPagination_ContentArrayExists" classname="com.examly.springapp.SpringappApplicationTests" time="0.008">
    <system-out><![CDATA[Hibernate: select d1_0.id,d1_0.email,d1_0.name,d1_0.phone,d1_0.room_number,d1_0.specialization from doctor d1_0 offset ? rows fetch first ? rows only
]]></system-out>
  </testcase>
  <testcase name="Day9_testPagination_TotalElementsExists" classname="com.examly.springapp.SpringappApplicationTests" time="0.008">
    <system-out><![CDATA[Hibernate: select d1_0.id,d1_0.email,d1_0.name,d1_0.phone,d1_0.room_number,d1_0.specialization from doctor d1_0 offset ? rows fetch first ? rows only
]]></system-out>
  </testcase>
  <testcase name="Day9_testPagination_TotalPagesExists" classname="com.examly.springapp.SpringappApplicationTests" time="0.007">
    <system-out><![CDATA[Hibernate: select d1_0.id,d1_0.email,d1_0.name,d1_0.phone,d1_0.room_number,d1_0.specialization from doctor d1_0 offset ? rows fetch first ? rows only
]]></system-out>
  </testcase>
  <testcase name="Day10_testAddPatient" classname="com.examly.springapp.SpringappApplicationTests" time="0.023">
    <system-out><![CDATA[Hibernate: insert into patient (address,age,email,name,phone,id) values (?,?,?,?,?,default)
]]></system-out>
  </testcase>
  <testcase name="Day10_testGetPatientById" classname="com.examly.springapp.SpringappApplicationTests" time="0.007">
    <system-out><![CDATA[Hibernate: select p1_0.id,p1_0.address,p1_0.age,p1_0.email,p1_0.name,p1_0.phone from patient p1_0 where p1_0.id=?
]]></system-out>
  </testcase>
  <testcase name="Day10_testUpdatePatient" classname="com.examly.springapp.SpringappApplicationTests" time="0.009">
    <system-out><![CDATA[Hibernate: select p1_0.id,p1_0.address,p1_0.age,p1_0.email,p1_0.name,p1_0.phone from patient p1_0 where p1_0.id=?
Hibernate: update patient set address=?,age=?,email=?,name=?,phone=? where id=?
]]></system-out>
  </testcase>
  <testcase name="Day10_testAddDoctor" classname="com.examly.springapp.SpringappApplicationTests" time="0.008">
    <system-out><![CDATA[Hibernate: insert into doctor (email,name,phone,room_number,specialization,id) values (?,?,?,?,?,default)
]]></system-out>
  </testcase>
  <testcase name="Day10_testUpdateDoctor" classname="com.examly.springapp.SpringappApplicationTests" time="0.008">
    <system-out><![CDATA[Hibernate: select d1_0.id,d1_0.email,d1_0.name,d1_0.phone,d1_0.room_number,d1_0.specialization from doctor d1_0 where d1_0.id=?
Hibernate: update doctor set email=?,name=?,phone=?,room_number=?,specialization=? where id=?
]]></system-out>
  </testcase>
  <testcase name="Day11_testAddMedicalRecord" classname="com.examly.springapp.SpringappApplicationTests" time="0.011">
    <system-out><![CDATA[Hibernate: insert into medical_record (diagnosis,patient_id,prescription,record_id) values (?,?,?,default)
]]></system-out>
  </testcase>
  <testcase name="testGetMedicalRecordsByPatient_Positive" classname="com.examly.springapp.SpringappApplicationTests" time="0.037">
    <system-out><![CDATA[Hibernate: insert into patient (address,age,email,name,phone,id) values (?,?,?,?,?,default)
Hibernate: insert into medical_record (diagnosis,patient_id,prescription,record_id) values (?,?,?,default)
Hibernate: select mr1_0.record_id,mr1_0.diagnosis,mr1_0.patient_id,mr1_0.prescription from medical_record mr1_0 where mr1_0.patient_id=?
Hibernate: select p1_0.id,p1_0.address,p1_0.age,p1_0.email,p1_0.name,p1_0.phone from patient p1_0 where p1_0.id=?
]]></system-out>
  </testcase>
  <testcase name="testGetMedicalRecordsByPatient_Negative" classname="com.examly.springapp.SpringappApplicationTests" time="0.008">
    <system-out><![CDATA[Hibernate: select mr1_0.record_id,mr1_0.diagnosis,mr1_0.patient_id,mr1_0.prescription from medical_record mr1_0 where mr1_0.patient_id=?
]]></system-out>
  </testcase>
  <testcase name="Day11_testGetMedicalRecordById" classname="com.examly.springapp.SpringappApplicationTests" time="0.008">
    <system-out><![CDATA[Hibernate: select mr1_0.record_id,mr1_0.diagnosis,p1_0.id,p1_0.address,p1_0.age,p1_0.email,p1_0.name,p1_0.phone,mr1_0.prescription from medical_record mr1_0 left join patient p1_0 on p1_0.id=mr1_0.patient_id where mr1_0.record_id=?
]]></system-out>
  </testcase>
  <testcase name="Day11_testUpdateMedicalRecord" classname="com.examly.springapp.SpringappApplicationTests" time="0.01">
    <system-out><![CDATA[Hibernate: select mr1_0.record_id,mr1_0.diagnosis,p1_0.id,p1_0.address,p1_0.age,p1_0.email,p1_0.name,p1_0.phone,mr1_0.prescription from medical_record mr1_0 left join patient p1_0 on p1_0.id=mr1_0.patient_id where mr1_0.record_id=?
Hibernate: update medical_record set diagnosis=?,patient_id=?,prescription=? where record_id=?
]]></system-out>
  </testcase>
  <testcase name="Day12_testAddAppointment" classname="com.examly.springapp.SpringappApplicationTests" time="0.015">
    <system-out><![CDATA[Hibernate: insert into appointment (appointment_time,doctor_id,notes,patient_id,status,id) values (?,?,?,?,?,default)
]]></system-out>
  </testcase>
  <testcase name="Day12_testGetAppointmentsByStatus_Positive" classname="com.examly.springapp.SpringappApplicationTests" time="0.017">
    <system-out><![CDATA[Hibernate: select a1_0.id,a1_0.appointment_time,a1_0.doctor_id,a1_0.notes,a1_0.patient_id,a1_0.status from appointment a1_0 where a1_0.status=?
Hibernate: select d1_0.id,d1_0.email,d1_0.name,d1_0.phone,d1_0.room_number,d1_0.specialization from doctor d1_0 where d1_0.id=?
Hibernate: select p1_0.id,p1_0.address,p1_0.age,p1_0.email,p1_0.name,p1_0.phone from patient p1_0 where p1_0.id=?
]]></system-out>
  </testcase>
  <testcase name="Day12_testGetAppointmentsByStatus_NoData" classname="com.examly.springapp.SpringappApplicationTests" time="0.005">
    <system-out><![CDATA[Hibernate: select a1_0.id,a1_0.appointment_time,a1_0.doctor_id,a1_0.notes,a1_0.patient_id,a1_0.status from appointment a1_0 where a1_0.status=?
]]></system-out>
  </testcase>
  <testcase name="Day12_testGetAppointmentById" classname="com.examly.springapp.SpringappApplicationTests" time="0.007">
    <system-out><![CDATA[Hibernate: select a1_0.id,a1_0.appointment_time,d1_0.id,d1_0.email,d1_0.name,d1_0.phone,d1_0.room_number,d1_0.specialization,a1_0.notes,p1_0.id,p1_0.address,p1_0.age,p1_0.email,p1_0.name,p1_0.phone,a1_0.status from appointment a1_0 left join doctor d1_0 on d1_0.id=a1_0.doctor_id left join patient p1_0 on p1_0.id=a1_0.patient_id where a1_0.id=?
]]></system-out>
  </testcase>
  <testcase name="Day12_testUpdateAppointment" classname="com.examly.springapp.SpringappApplicationTests" time="0.009">
    <system-out><![CDATA[Hibernate: select a1_0.id,a1_0.appointment_time,d1_0.id,d1_0.email,d1_0.name,d1_0.phone,d1_0.room_number,d1_0.specialization,a1_0.notes,p1_0.id,p1_0.address,p1_0.age,p1_0.email,p1_0.name,p1_0.phone,a1_0.status from appointment a1_0 left join doctor d1_0 on d1_0.id=a1_0.doctor_id left join patient p1_0 on p1_0.id=a1_0.patient_id where a1_0.id=?
Hibernate: update appointment set appointment_time=?,doctor_id=?,notes=?,patient_id=?,status=? where id=?
]]></system-out>
  </testcase>
  <testcase name="Day13_testExceptionDirectoryExists" classname="com.examly.springapp.SpringappApplicationTests" time="0.002"/>
  <testcase name="Day13_testGlobalExceptionFileExists" classname="com.examly.springapp.SpringappApplicationTests" time="0.002"/>
  <testcase name="Day14test_configuartion_Directory_Exists" classname="com.examly.springapp.SpringappApplicationTests" time="0.002"/>
  <testcase name="Day15_testAOPLogFileExists" classname="com.examly.springapp.SpringappApplicationTests" time="0.002"/>
</testsuite>